{"meta": {"format": 2, "version": "7.5.4", "timestamp": "2026-05-13T21:44:36.233209", "branch_coverage": false, "show_contexts": false}, "files": {"src/ghg_tool/__init__.py": {"executed_lines": [1, 7], "summary": {"covered_lines": 1, "num_statements": 1, "percent_covered": 100.0, "percent_covered_display": "100", "missing_lines": 0, "excluded_lines": 0}, "missing_lines": [], "excluded_lines": []}, "src/ghg_tool/api/__init__.py": {"executed_lines": [1, 7, 9], "summary": {"covered_lines": 2, "num_statements": 2, "percent_covered": 100.0, "percent_covered_display": "100", "missing_lines": 0, "excluded_lines": 0}, "missing_lines": [], "excluded_lines": []}, "src/ghg_tool/api/dependencies/__init__.py": {"executed_lines": [1], "summary": {"covered_lines": 0, "num_statements": 0, "percent_covered": 100.0, "percent_covered_display": "100", "missing_lines": 0, "excluded_lines": 0}, "missing_lines": [], "excluded_lines": []}, "src/ghg_tool/api/dependencies/auth.py": {"executed_lines": [1, 9, 11, 13, 14, 15, 16, 17, 19, 20, 22, 24, 26, 29, 30, 39, 41, 42, 43, 44, 47, 65, 66, 68, 69, 70, 72, 73, 74, 85, 86, 87, 88, 103, 112, 125], "summary": {"covered_lines": 34, "num_statements": 47, "percent_covered": 72.34042553191489, "percent_covered_display": "72", "missing_lines": 13, "excluded_lines": 0}, "missing_lines": [75, 76, 77, 78, 79, 80, 81, 82, 83, 90, 98, 100, 136], "excluded_lines": []}, "src/ghg_tool/api/dependencies/db.py": {"executed_lines": [1, 8, 10, 11, 13, 14, 16, 17, 20, 45, 58], "summary": {"covered_lines": 10, "num_statements": 19, "percent_covered": 52.63157894736842, "percent_covered_display": "53", "missing_lines": 9, "excluded_lines": 0}, "missing_lines": [35, 36, 42, 54, 55, 70, 73, 76, 80], "excluded_lines": []}, "src/ghg_tool/api/dependencies/pagination.py": {"executed_lines": [1, 3, 5, 6, 7, 9, 12, 13, 20, 34, 49], "summary": {"covered_lines": 9, "num_statements": 20, "percent_covered": 45.0, "percent_covered_display": "45", "missing_lines": 11, "excluded_lines": 0}, "missing_lines": [31, 32, 40, 41, 42, 43, 44, 45, 46, 58, 59], "excluded_lines": []}, "src/ghg_tool/api/dependencies/session_guc.py": {"executed_lines": [], "summary": {"covered_lines": 0, "num_statements": 5, "percent_covered": 0.0, "percent_covered_display": "0", "missing_lines": 5, "excluded_lines": 0}, "missing_lines": [8, 10, 12, 15, 33], "excluded_lines": []}, "src/ghg_tool/api/main.py": {"executed_lines": [1, 20, 22, 23, 24, 26, 27, 28, 29, 31, 32, 33, 34, 47, 49, 50, 52, 55, 56, 65, 70, 71, 74, 80, 81, 83, 100, 101, 102, 107, 108, 120, 121, 123, 131, 132, 133, 135, 136, 138, 140, 141, 143, 144, 160, 161, 162, 163, 164, 165, 166, 167, 168, 169, 171, 174], "summary": {"covered_lines": 55, "num_statements": 55, "percent_covered": 100.0, "percent_covered_display": "100", "missing_lines": 0, "excluded_lines": 0}, "missing_lines": [], "excluded_lines": []}, "src/ghg_tool/api/middleware/__init__.py": {"executed_lines": [1], "summary": {"covered_lines": 0, "num_statements": 0, "percent_covered": 100.0, "percent_covered_display": "100", "missing_lines": 0, "excluded_lines": 0}, "missing_lines": [], "excluded_lines": []}, "src/ghg_tool/api/middleware/correlation_id.py": {"executed_lines": [1, 9, 11, 12, 14, 15, 16, 19, 21, 24, 25, 35, 47, 48, 49, 51, 52, 53, 56, 65, 66, 67, 68, 69, 70, 73, 79], "summary": {"covered_lines": 25, "num_statements": 25, "percent_covered": 100.0, "percent_covered_display": "100", "missing_lines": 0, "excluded_lines": 0}, "missing_lines": [], "excluded_lines": []}, "src/ghg_tool/api/middleware/error_handler.py": {"executed_lines": [1, 8, 10, 12, 13, 14, 15, 16, 18, 20, 22, 25, 26, 33, 45, 46, 47, 48, 49, 50, 51, 59, 79, 86, 93], "summary": {"covered_lines": 23, "num_statements": 25, "percent_covered": 92.0, "percent_covered_display": "92", "missing_lines": 2, "excluded_lines": 0}, "missing_lines": [110, 111], "excluded_lines": []}, "src/ghg_tool/api/middleware/rate_limit.py": {"executed_lines": [1, 11, 13, 14, 15, 17, 18, 19, 21, 23, 24, 27, 30, 31, 36, 43, 44, 45, 46, 48, 57, 58, 59, 60, 62, 64, 65, 66, 67, 70, 76, 77, 89, 101, 102, 103, 105, 106, 117, 120, 130, 131, 134, 135], "summary": {"covered_lines": 41, "num_statements": 45, "percent_covered": 91.11111111111111, "percent_covered_display": "91", "missing_lines": 4, "excluded_lines": 0}, "missing_lines": [63, 107, 108, 132], "excluded_lines": []}, "src/ghg_tool/api/middleware/rbac.py": {"executed_lines": [1, 8, 10, 11, 13, 15, 16, 19, 34, 46, 47, 59, 61, 64, 77, 89, 90, 101, 103], "summary": {"covered_lines": 18, "num_statements": 18, "percent_covered": 100.0, "percent_covered_display": "100", "missing_lines": 0, "excluded_lines": 0}, "missing_lines": [], "excluded_lines": []}, "src/ghg_tool/api/routers/__init__.py": {"executed_lines": [1], "summary": {"covered_lines": 0, "num_statements": 0, "percent_covered": 100.0, "percent_covered_display": "100", "missing_lines": 0, "excluded_lines": 0}, "missing_lines": [], "excluded_lines": []}, "src/ghg_tool/api/routers/audit_trail.py": {"executed_lines": [1, 8, 10, 12, 13, 14, 15, 16, 18, 19, 20, 21, 22, 28, 30, 33, 51, 75, 76, 77, 79, 114, 115, 124, 125, 130, 131, 136, 137, 141], "summary": {"covered_lines": 29, "num_statements": 32, "percent_covered": 90.625, "percent_covered_display": "91", "missing_lines": 3, "excluded_lines": 0}, "missing_lines": [127, 128, 129], "excluded_lines": []}, "src/ghg_tool/api/routers/auth.py": {"executed_lines": [1, 7, 9, 10, 12, 13, 14, 16, 18, 21, 37, 71, 85, 97, 98, 100, 101, 102, 103, 104, 116, 117, 128, 129, 131, 133, 136, 137, 145, 156, 162], "summary": {"covered_lines": 30, "num_statements": 34, "percent_covered": 88.23529411764706, "percent_covered_display": "88", "missing_lines": 4, "excluded_lines": 0}, "missing_lines": [53, 54, 55, 59], "excluded_lines": []}, "src/ghg_tool/api/routers/dq_findings.py": {"executed_lines": [1, 7, 9, 10, 11, 13, 14, 15, 16, 18, 19, 20, 21, 22, 23, 24, 25, 26, 30, 32, 35, 49, 64, 65, 67, 68, 79, 80, 81, 84, 87, 105, 129, 130, 131, 133, 136, 137, 138, 149, 150, 170, 171, 172, 173], "summary": {"covered_lines": 44, "num_statements": 45, "percent_covered": 97.77777777777777, "percent_covered_display": "98", "missing_lines": 1, "excluded_lines": 0}, "missing_lines": [82], "excluded_lines": []}, "src/ghg_tool/api/routers/emissions.py": {"executed_lines": [1, 12, 14, 15, 16, 18, 19, 20, 22, 23, 24, 25, 26, 27, 28, 35, 36, 37, 41, 43, 51, 68, 97, 151, 169, 184, 185, 186, 188, 189, 200, 201, 202, 205, 208, 227, 247, 248, 253, 260, 261, 263, 264, 265, 266, 273, 291, 351, 366, 407, 416, 425, 439, 448, 457], "summary": {"covered_lines": 54, "num_statements": 77, "percent_covered": 70.12987012987013, "percent_covered_display": "70", "missing_lines": 23, "excluded_lines": 0}, "missing_lines": [114, 115, 143, 203, 309, 310, 315, 317, 318, 321, 322, 323, 334, 336, 337, 343, 344, 384, 385, 386, 387, 388, 399], "excluded_lines": []}, "src/ghg_tool/api/routers/exports.py": {"executed_lines": [1, 10, 12, 13, 15, 16, 18, 19, 20, 21, 26, 33, 35, 38, 55, 85, 102, 132, 147, 188, 203], "summary": {"covered_lines": 20, "num_statements": 53, "percent_covered": 37.735849056603776, "percent_covered_display": "38", "missing_lines": 33, "excluded_lines": 0}, "missing_lines": [68, 69, 70, 72, 78, 115, 116, 117, 119, 125, 163, 164, 165, 166, 177, 178, 179, 219, 220, 221, 222, 232, 233, 244, 245, 246, 257, 258, 259, 260, 262, 265, 267], "excluded_lines": []}, "src/ghg_tool/api/routers/factor_catalog.py": {"executed_lines": [1, 3, 5, 6, 8, 9, 10, 11, 13, 14, 15, 16, 17, 18, 19, 24, 25, 29, 31, 34, 48, 63, 64, 66, 69, 71, 73, 75, 77, 79, 81, 82, 83, 84, 85, 88, 91, 102, 117, 125, 126, 127, 130, 146, 164, 165, 166, 168, 169, 191, 192, 193], "summary": {"covered_lines": 51, "num_statements": 57, "percent_covered": 89.47368421052632, "percent_covered_display": "89", "missing_lines": 6, "excluded_lines": 0}, "missing_lines": [70, 72, 74, 76, 78, 86], "excluded_lines": []}, "src/ghg_tool/api/routers/go_certificates.py": {"executed_lines": [1, 3, 5, 6, 7, 9, 10, 11, 12, 14, 15, 16, 17, 18, 19, 20, 26, 28, 30, 33, 47, 62, 63, 65, 68, 70, 71, 73, 74, 84, 85, 87, 88, 90, 91, 92, 95, 98, 115, 130, 131, 132, 134, 158, 159, 160, 161, 164, 181, 204, 205, 206, 208, 217, 218, 219, 230, 231, 233, 265, 266, 267, 268], "summary": {"covered_lines": 62, "num_statements": 64, "percent_covered": 96.875, "percent_covered_display": "97", "missing_lines": 2, "excluded_lines": 0}, "missing_lines": [69, 93], "excluded_lines": []}, "src/ghg_tool/api/routers/health.py": {"executed_lines": [1, 10, 12, 13, 14, 15, 17, 19, 21, 24, 30, 36, 39, 51, 62, 63, 64, 65, 66, 67, 68], "summary": {"covered_lines": 20, "num_statements": 20, "percent_covered": 100.0, "percent_covered_display": "100", "missing_lines": 0, "excluded_lines": 0}, "missing_lines": [], "excluded_lines": []}, "src/ghg_tool/api/routers/kpis.py": {"executed_lines": [1, 9, 11, 13, 14, 15, 16, 17, 19, 20, 21, 22, 23, 25, 27, 30, 46, 64, 65, 66, 68, 69, 74, 75, 76, 82, 84, 88], "summary": {"covered_lines": 27, "num_statements": 27, "percent_covered": 100.0, "percent_covered_display": "100", "missing_lines": 0, "excluded_lines": 0}, "missing_lines": [], "excluded_lines": []}, "src/ghg_tool/api/routers/reports.py": {"executed_lines": [1, 8, 10, 12, 13, 15, 16, 17, 18, 23, 28, 30, 33, 50, 63, 64, 65, 67, 73, 80, 97, 110, 111, 112, 114, 120, 127, 142, 158, 159, 160, 161, 171], "summary": {"covered_lines": 32, "num_statements": 32, "percent_covered": 100.0, "percent_covered_display": "100", "missing_lines": 0, "excluded_lines": 0}, "missing_lines": [], "excluded_lines": []}, "src/ghg_tool/api/schemas/__init__.py": {"executed_lines": [1], "summary": {"covered_lines": 0, "num_statements": 0, "percent_covered": 100.0, "percent_covered_display": "100", "missing_lines": 0, "excluded_lines": 0}, "missing_lines": [], "excluded_lines": []}, "src/ghg_tool/api/schemas/auth_schemas.py": {"executed_lines": [1, 3, 5, 8, 9, 16, 18, 19, 21, 22, 23, 35, 36, 37, 38, 41, 42, 51, 53, 54, 55, 56, 59, 60, 66, 68], "summary": {"covered_lines": 22, "num_statements": 22, "percent_covered": 100.0, "percent_covered_display": "100", "missing_lines": 0, "excluded_lines": 0}, "missing_lines": [], "excluded_lines": []}, "src/ghg_tool/api/schemas/common.py": {"executed_lines": [1, 3, 5, 6, 8, 10, 17, 18, 31, 33, 34, 35, 36, 37, 45, 46, 54, 56, 57, 58, 66, 67, 69, 72, 73, 80, 82, 83, 90, 91, 94, 103, 105], "summary": {"covered_lines": 28, "num_statements": 32, "percent_covered": 87.5, "percent_covered_display": "88", "missing_lines": 4, "excluded_lines": 0}, "missing_lines": [124, 130, 131, 132], "excluded_lines": []}, "src/ghg_tool/api/schemas/dq_schemas.py": {"executed_lines": [1, 3, 5, 6, 7, 9, 11, 12, 15, 16, 45, 47, 48, 49, 50, 51, 52, 53, 54, 55, 56, 57, 58, 59, 60, 61, 62, 63, 64, 65, 66, 67, 68, 69, 70, 73, 74, 84, 86, 92, 95, 96, 109, 111, 112, 113, 114, 115, 116, 117, 118], "summary": {"covered_lines": 47, "num_statements": 47, "percent_covered": 100.0, "percent_covered_display": "100", "missing_lines": 0, "excluded_lines": 0}, "missing_lines": [], "excluded_lines": []}, "src/ghg_tool/api/schemas/emission_schemas.py": {"executed_lines": [1, 8, 10, 11, 12, 14, 17, 25, 27, 30, 31, 32, 37, 41, 43, 44, 52, 53, 87, 89, 90, 91, 92, 93, 94, 95, 96, 97, 98, 99, 100, 101, 102, 103, 104, 105, 106, 107, 108, 109, 110, 111, 112, 113, 114, 115, 123, 124, 153, 155, 156, 157, 158, 159, 160, 161, 162, 163, 164, 165, 166, 167, 168, 169, 170, 171, 172, 173, 174, 176, 177, 178, 190, 194, 196, 197, 198, 210, 211, 214, 216, 217, 218, 230, 231, 234, 236, 237, 249, 250, 251, 255, 263, 264, 277, 279, 280, 281, 288, 291, 292, 300, 302, 303, 304, 312, 313, 328, 330, 331, 332, 333, 334, 335, 336, 337], "summary": {"covered_lines": 110, "num_statements": 111, "percent_covered": 99.09909909909909, "percent_covered_display": "99", "missing_lines": 1, "excluded_lines": 0}, "missing_lines": [191], "excluded_lines": []}, "src/ghg_tool/api/schemas/factor_schemas.py": {"executed_lines": [1, 3, 5, 6, 7, 9, 11, 16, 19, 20, 46, 48, 49, 50, 51, 52, 53, 54, 55, 56, 57, 58, 59, 60, 61, 62, 63, 64, 65, 66, 67, 68, 71, 72, 96, 98, 99, 100, 101, 102, 103, 104, 105, 106, 107, 108, 109, 110, 111, 112, 114, 115, 116, 128, 129, 132, 134, 135, 136, 148, 149, 151, 154, 155, 167, 169, 170, 171, 172, 173, 174, 175], "summary": {"covered_lines": 68, "num_statements": 69, "percent_covered": 98.55072463768116, "percent_covered_display": "99", "missing_lines": 1, "excluded_lines": 0}, "missing_lines": [150], "excluded_lines": []}, "src/ghg_tool/api/schemas/go_schemas.py": {"executed_lines": [1, 3, 5, 6, 8, 11, 12, 38, 40, 41, 42, 43, 44, 45, 46, 47, 48, 49, 50, 51, 52, 53, 54, 55, 56, 57, 59, 60, 61, 73, 74, 76, 78, 79, 88, 89, 90, 93, 94, 116, 118, 119, 120, 121, 122, 123, 124, 125, 126, 127, 128, 129, 130, 131, 132, 133, 134, 135, 136, 137, 138, 140, 141, 159, 160, 170, 172, 173, 174, 175, 176, 177, 178, 179, 180, 183, 184, 194, 196, 197, 198, 199, 200], "summary": {"covered_lines": 78, "num_statements": 80, "percent_covered": 97.5, "percent_covered_display": "98", "missing_lines": 2, "excluded_lines": 0}, "missing_lines": [75, 147], "excluded_lines": []}, "src/ghg_tool/api/schemas/kpi_schemas.py": {"executed_lines": [1, 6, 8, 9, 10, 12, 19, 20, 35, 37, 38, 39, 40, 41, 42, 45, 46, 56, 58, 59, 60, 61, 62, 64, 70, 85, 86, 118, 120, 121, 122, 123, 124, 125, 126, 127, 128, 129, 130, 131, 132, 133, 134, 135, 136, 137, 138, 139, 140, 141, 142, 143, 146, 147, 154, 156, 157, 160, 161, 169, 171, 172, 173, 181, 182, 190, 192, 193, 194], "summary": {"covered_lines": 62, "num_statements": 68, "percent_covered": 91.17647058823529, "percent_covered_display": "91", "missing_lines": 6, "excluded_lines": 0}, "missing_lines": [72, 73, 74, 75, 76, 77], "excluded_lines": []}, "src/ghg_tool/api/schemas/report_schemas.py": {"executed_lines": [1, 3, 5, 6, 8, 11, 12, 24, 26, 27, 28, 29, 34, 35, 46, 48, 49, 50, 51, 54, 55, 65, 67, 68, 69, 70, 71], "summary": {"covered_lines": 23, "num_statements": 23, "percent_covered": 100.0, "percent_covered_display": "100", "missing_lines": 0, "excluded_lines": 0}, "missing_lines": [], "excluded_lines": []}, "src/ghg_tool/application/__init__.py": {"executed_lines": [0], "summary": {"covered_lines": 0, "num_statements": 0, "percent_covered": 100.0, "percent_covered_display": "100", "missing_lines": 0, "excluded_lines": 0}, "missing_lines": [], "excluded_lines": []}, "src/ghg_tool/application/calc/__init__.py": {"executed_lines": [1, 10, 29], "summary": {"covered_lines": 2, "num_statements": 2, "percent_covered": 100.0, "percent_covered_display": "100", "missing_lines": 0, "excluded_lines": 0}, "missing_lines": [], "excluded_lines": []}, "src/ghg_tool/application/calc/_helpers.py": {"executed_lines": [1, 11, 13, 14, 15, 16, 17, 19, 20, 21, 27, 28, 31, 37, 44, 66, 67, 68, 72, 79, 136, 167, 182, 183, 184, 185, 186, 187, 188, 189, 190, 199, 208, 209, 210, 211, 218, 231, 232, 233, 234, 235], "summary": {"covered_lines": 41, "num_statements": 41, "percent_covered": 100.0, "percent_covered_display": "100", "missing_lines": 0, "excluded_lines": 0}, "missing_lines": [], "excluded_lines": []}, "src/ghg_tool/application/calc/scope1_combustion.py": {"executed_lines": [1, 12, 14, 15, 16, 17, 19, 26, 27, 28, 32, 51, 80, 81, 82, 83, 84, 87, 91, 94, 117, 118, 120, 121, 122, 125, 126, 127, 129, 130, 131, 132, 134], "summary": {"covered_lines": 32, "num_statements": 32, "percent_covered": 100.0, "percent_covered_display": "100", "missing_lines": 0, "excluded_lines": 0}, "missing_lines": [], "excluded_lines": []}, "src/ghg_tool/application/calc/scope1_fugitive_zero.py": {"executed_lines": [1, 11, 13, 14, 15, 17, 18, 19, 20, 22, 29, 32, 57, 58, 79, 88], "summary": {"covered_lines": 15, "num_statements": 15, "percent_covered": 100.0, "percent_covered_display": "100", "missing_lines": 0, "excluded_lines": 0}, "missing_lines": [], "excluded_lines": []}, "src/ghg_tool/application/calc/scope1_process.py": {"executed_lines": [1, 16, 18, 19, 20, 21, 23, 29, 30, 31, 33, 34, 35, 43, 66, 67, 69, 70, 75, 76, 77, 78, 79, 80, 82, 103], "summary": {"covered_lines": 25, "num_statements": 25, "percent_covered": 100.0, "percent_covered_display": "100", "missing_lines": 0, "excluded_lines": 0}, "missing_lines": [], "excluded_lines": []}, "src/ghg_tool/application/calc/scope2_lb.py": {"executed_lines": [1, 8, 10, 11, 12, 13, 15, 22, 23, 24, 26, 29, 56, 57, 58, 59, 61, 62, 85], "summary": {"covered_lines": 18, "num_statements": 18, "percent_covered": 100.0, "percent_covered_display": "100", "missing_lines": 0, "excluded_lines": 0}, "missing_lines": [], "excluded_lines": []}, "src/ghg_tool/application/calc/scope2_mb.py": {"executed_lines": [1, 15, 17, 18, 19, 20, 22, 29, 30, 31, 32, 34, 35, 36, 39, 40, 42, 62, 63, 70, 87, 90, 120, 121, 122, 124, 125, 126, 138, 141, 170, 171, 172, 173, 175, 176, 177, 180, 181, 186, 187, 188, 193, 194, 195, 200], "summary": {"covered_lines": 43, "num_statements": 43, "percent_covered": 100.0, "percent_covered_display": "100", "missing_lines": 0, "excluded_lines": 1}, "missing_lines": [], "excluded_lines": [59]}, "src/ghg_tool/application/calc/scope3_cat11_zero_line.py": {"executed_lines": [1, 12, 14, 15, 17, 18, 19, 20, 22, 26, 29, 51, 60], "summary": {"covered_lines": 12, "num_statements": 12, "percent_covered": 100.0, "percent_covered_display": "100", "missing_lines": 0, "excluded_lines": 0}, "missing_lines": [], "excluded_lines": []}, "src/ghg_tool/application/calc/scope3_cat12_eol.py": {"executed_lines": [1, 8, 10, 11, 12, 13, 15, 22, 23, 24, 26, 27, 28, 29, 32, 57, 58, 60, 61, 62, 63, 64, 65, 66, 68, 69, 71, 91, 111], "summary": {"covered_lines": 28, "num_statements": 28, "percent_covered": 100.0, "percent_covered_display": "100", "missing_lines": 0, "excluded_lines": 0}, "missing_lines": [], "excluded_lines": []}, "src/ghg_tool/application/calc/scope3_cat1_purchased_goods.py": {"executed_lines": [1, 13, 15, 16, 17, 18, 20, 27, 28, 29, 33, 47, 52, 58, 87, 88, 89, 90, 91, 92, 93, 94, 95, 107, 110, 136, 137, 139, 140, 142, 143, 145, 146, 147, 148, 149, 151, 153], "summary": {"covered_lines": 37, "num_statements": 37, "percent_covered": 100.0, "percent_covered_display": "100", "missing_lines": 0, "excluded_lines": 0}, "missing_lines": [], "excluded_lines": []}, "src/ghg_tool/application/calc/scope3_cat2_capital_goods.py": {"executed_lines": [1, 7, 9, 10, 11, 12, 14, 21, 22, 23, 25, 31, 53, 54, 55, 56, 57, 58, 59, 60, 61, 62, 63, 64, 84], "summary": {"covered_lines": 24, "num_statements": 24, "percent_covered": 100.0, "percent_covered_display": "100", "missing_lines": 0, "excluded_lines": 0}, "missing_lines": [], "excluded_lines": []}, "src/ghg_tool/application/calc/scope3_cat3_fuel_energy.py": {"executed_lines": [1, 17, 19, 20, 21, 23, 29, 30, 31, 34, 39, 40, 43, 44, 47, 72, 73, 76, 79, 82, 85, 106, 107, 108, 109, 110, 111, 112, 113, 114, 134, 137, 158, 159, 160, 161, 162, 163, 182, 185, 206, 207, 208, 209, 210, 211, 231], "summary": {"covered_lines": 46, "num_statements": 46, "percent_covered": 100.0, "percent_covered_display": "100", "missing_lines": 0, "excluded_lines": 0}, "missing_lines": [], "excluded_lines": []}, "src/ghg_tool/application/calc/scope3_cat4_upstream_transport.py": {"executed_lines": [1, 8, 10, 11, 12, 13, 15, 22, 23, 24, 27, 39, 61, 62, 63, 64, 65, 66, 67, 68, 69, 70, 71, 91, 94, 103, 104, 105, 106, 107], "summary": {"covered_lines": 29, "num_statements": 29, "percent_covered": 100.0, "percent_covered_display": "100", "missing_lines": 0, "excluded_lines": 0}, "missing_lines": [], "excluded_lines": []}, "src/ghg_tool/application/calc/scope3_cat5_waste.py": {"executed_lines": [1, 11, 13, 14, 15, 16, 18, 25, 26, 27, 30, 52, 53, 54, 55, 56, 57, 58, 59, 60, 61, 62, 82, 85, 102, 103, 104, 105, 106, 107, 108, 109, 110, 111, 112, 113, 114], "summary": {"covered_lines": 36, "num_statements": 36, "percent_covered": 100.0, "percent_covered_display": "100", "missing_lines": 0, "excluded_lines": 0}, "missing_lines": [], "excluded_lines": []}, "src/ghg_tool/application/calc/scope3_cat6_business_travel.py": {"executed_lines": [1, 12, 14, 15, 16, 17, 18, 20, 27, 28, 29, 31, 38, 39, 40, 41, 44, 47, 69, 70, 71, 72, 73, 74, 75, 76, 77, 87, 90, 99, 100, 101, 102, 103, 106, 128, 129, 130, 131, 132, 155, 181, 182, 183, 187, 188, 189, 191, 192, 193, 194, 195, 196, 197], "summary": {"covered_lines": 53, "num_statements": 53, "percent_covered": 100.0, "percent_covered_display": "100", "missing_lines": 0, "excluded_lines": 0}, "missing_lines": [], "excluded_lines": []}, "src/ghg_tool/application/calc/scope3_cat7_commuting.py": {"executed_lines": [1, 7, 9, 10, 11, 12, 14, 21, 22, 23, 25, 28, 34, 37, 61, 62, 63, 64, 65, 66, 67, 68, 69, 70, 71, 72, 93], "summary": {"covered_lines": 26, "num_statements": 26, "percent_covered": 100.0, "percent_covered_display": "100", "missing_lines": 0, "excluded_lines": 0}, "missing_lines": [], "excluded_lines": []}, "src/ghg_tool/application/calc/scope3_cat9_downstream_transport.py": {"executed_lines": [1, 7, 9, 10, 11, 12, 14, 21, 22, 23, 25, 32, 38, 60, 61, 62, 63, 64, 65, 66, 67, 68, 69, 70, 90, 93, 102, 103, 104, 105, 106], "summary": {"covered_lines": 30, "num_statements": 30, "percent_covered": 100.0, "percent_covered_display": "100", "missing_lines": 0, "excluded_lines": 0}, "missing_lines": [], "excluded_lines": []}, "src/ghg_tool/application/calc/scope3_cat_omitted_zero_lines.py": {"executed_lines": [1, 15, 17, 18, 20, 21, 22, 23, 26, 68, 90, 110, 121], "summary": {"covered_lines": 12, "num_statements": 12, "percent_covered": 100.0, "percent_covered_display": "100", "missing_lines": 0, "excluded_lines": 0}, "missing_lines": [], "excluded_lines": []}, "src/ghg_tool/application/dto/__init__.py": {"executed_lines": [], "summary": {"covered_lines": 0, "num_statements": 0, "percent_covered": 100.0, "percent_covered_display": "100", "missing_lines": 0, "excluded_lines": 0}, "missing_lines": [], "excluded_lines": []}, "src/ghg_tool/application/services/__init__.py": {"executed_lines": [1, 7, 11, 15, 20], "summary": {"covered_lines": 4, "num_statements": 4, "percent_covered": 100.0, "percent_covered_display": "100", "missing_lines": 0, "excluded_lines": 0}, "missing_lines": [], "excluded_lines": []}, "src/ghg_tool/application/services/auth_service.py": {"executed_lines": [], "summary": {"covered_lines": 0, "num_statements": 50, "percent_covered": 0.0, "percent_covered_display": "0", "missing_lines": 50, "excluded_lines": 0}, "missing_lines": [11, 13, 14, 16, 17, 18, 20, 21, 22, 24, 27, 34, 35, 36, 37, 38, 40, 41, 43, 46, 72, 74, 75, 76, 77, 79, 80, 81, 83, 84, 85, 87, 88, 93, 97, 105, 127, 128, 129, 130, 131, 132, 134, 135, 136, 138, 139, 140, 143, 144], "excluded_lines": []}, "src/ghg_tool/application/services/calc_orchestrator.py": {"executed_lines": [1, 18, 20, 21, 22, 23, 24, 26, 44, 45, 46, 47, 48, 49, 52, 53, 54, 68, 69, 70, 71, 72, 73, 74, 75, 76, 79, 80, 91, 93, 104, 105, 107, 127, 128, 130, 134, 137, 141, 142, 144, 147, 153, 156, 159, 166, 169, 172, 175, 178, 181, 184, 187, 192, 193, 195, 196, 205, 216, 230, 231, 232, 233, 234, 235, 236, 237, 238, 239, 242, 253, 254, 255, 256, 257, 258], "summary": {"covered_lines": 73, "num_statements": 73, "percent_covered": 100.0, "percent_covered_display": "100", "missing_lines": 0, "excluded_lines": 0}, "missing_lines": [], "excluded_lines": []}, "src/ghg_tool/application/services/export_service.py": {"executed_lines": [1, 17, 19, 20, 21, 23, 25, 30, 31, 32, 35, 47, 66, 67, 78, 83, 86, 106, 115, 135, 136, 137, 140, 157, 158, 159, 162, 173, 174, 176, 178, 181, 196, 208, 209, 210, 211, 221, 222, 223, 225, 226, 228, 229, 230, 233, 234, 235, 236, 239, 248, 251, 260, 263, 270, 271, 272, 273, 274], "summary": {"covered_lines": 58, "num_statements": 63, "percent_covered": 92.06349206349206, "percent_covered_display": "92", "missing_lines": 5, "excluded_lines": 0}, "missing_lines": [42, 43, 44, 175, 193], "excluded_lines": []}, "src/ghg_tool/application/services/intensity_service.py": {"executed_lines": [1, 12, 14, 15, 16, 17, 18, 20, 21, 24, 25, 26, 42, 43, 44, 45, 46, 49, 79, 80, 83, 84, 85, 86, 87, 97, 100, 118, 119, 120, 122, 123, 124, 125, 128, 158, 162, 163], "summary": {"covered_lines": 36, "num_statements": 37, "percent_covered": 97.29729729729729, "percent_covered_display": "97", "missing_lines": 1, "excluded_lines": 0}, "missing_lines": [121], "excluded_lines": []}, "src/ghg_tool/application/services/recalculation_policy.py": {"executed_lines": [1, 14, 16, 17, 20, 21, 24, 25, 26, 40, 41, 42, 43, 44, 45, 46, 47, 50, 71, 72, 73, 74, 76, 77, 78, 90, 100, 101, 102], "summary": {"covered_lines": 27, "num_statements": 27, "percent_covered": 100.0, "percent_covered_display": "100", "missing_lines": 0, "excluded_lines": 0}, "missing_lines": [], "excluded_lines": []}, "src/ghg_tool/domain/__init__.py": {"executed_lines": [0], "summary": {"covered_lines": 0, "num_statements": 0, "percent_covered": 100.0, "percent_covered_display": "100", "missing_lines": 0, "excluded_lines": 0}, "missing_lines": [], "excluded_lines": []}, "src/ghg_tool/domain/entities/__init__.py": {"executed_lines": [1, 3, 4, 5, 7], "summary": {"covered_lines": 4, "num_statements": 4, "percent_covered": 100.0, "percent_covered_display": "100", "missing_lines": 0, "excluded_lines": 0}, "missing_lines": [], "excluded_lines": []}, "src/ghg_tool/domain/entities/dq_finding.py": {"executed_lines": [1, 6, 8, 9, 12, 13, 14, 33, 34, 35, 36, 37, 38, 39, 40, 41, 42, 43, 44, 45, 46], "summary": {"covered_lines": 19, "num_statements": 19, "percent_covered": 100.0, "percent_covered_display": "100", "missing_lines": 0, "excluded_lines": 0}, "missing_lines": [], "excluded_lines": []}, "src/ghg_tool/domain/entities/emission_record.py": {"executed_lines": [1, 16, 18, 19, 20, 21, 22, 24, 37, 48, 54, 64, 66, 70, 72, 73, 81, 82, 83, 84, 86, 87, 89, 100, 101, 102, 144, 145, 146, 147, 148, 149, 150, 151, 152, 153, 154, 155, 156, 157, 158, 159, 160, 161, 162, 163, 164, 165, 166, 167, 168, 169, 170, 171, 172, 174, 190, 191, 192, 193, 197, 198, 199, 203, 204, 207, 208, 212, 213, 216, 217, 221, 222, 223, 224], "summary": {"covered_lines": 73, "num_statements": 73, "percent_covered": 100.0, "percent_covered_display": "100", "missing_lines": 0, "excluded_lines": 0}, "missing_lines": [], "excluded_lines": []}, "src/ghg_tool/domain/entities/intensity_metric.py": {"executed_lines": [1, 14, 16, 17, 18, 19, 20, 22, 28, 29, 30, 32, 33, 36, 37, 38, 58, 59, 60, 61, 62, 63, 64, 65, 66, 67, 68, 69, 70, 71, 73, 87, 88, 91, 92, 96, 97, 100, 101, 105, 106, 109, 110], "summary": {"covered_lines": 41, "num_statements": 41, "percent_covered": 100.0, "percent_covered_display": "100", "missing_lines": 0, "excluded_lines": 0}, "missing_lines": [], "excluded_lines": []}, "src/ghg_tool/domain/exceptions/__init__.py": {"executed_lines": [1, 3, 18], "summary": {"covered_lines": 2, "num_statements": 2, "percent_covered": 100.0, "percent_covered_display": "100", "missing_lines": 0, "excluded_lines": 0}, "missing_lines": [], "excluded_lines": []}, "src/ghg_tool/domain/exceptions/calc_errors.py": {"executed_lines": [1, 8, 11, 12, 15, 16, 23, 24, 32, 33, 40, 41, 47, 48, 55, 56, 62, 63, 71, 72, 82, 83, 90, 91, 99, 100], "summary": {"covered_lines": 13, "num_statements": 13, "percent_covered": 100.0, "percent_covered_display": "100", "missing_lines": 0, "excluded_lines": 0}, "missing_lines": [], "excluded_lines": []}, "src/ghg_tool/domain/policies/__init__.py": {"executed_lines": [0], "summary": {"covered_lines": 0, "num_statements": 0, "percent_covered": 100.0, "percent_covered_display": "100", "missing_lines": 0, "excluded_lines": 0}, "missing_lines": [], "excluded_lines": []}, "src/ghg_tool/domain/policies/gwp_enforcement.py": {"executed_lines": [1, 6, 9, 10, 13, 26, 27, 28, 29, 30, 35], "summary": {"covered_lines": 9, "num_statements": 9, "percent_covered": 100.0, "percent_covered_display": "100", "missing_lines": 0, "excluded_lines": 0}, "missing_lines": [], "excluded_lines": []}, "src/ghg_tool/domain/policies/immutability.py": {"executed_lines": [1, 10, 13, 14, 17, 30], "summary": {"covered_lines": 4, "num_statements": 4, "percent_covered": 100.0, "percent_covered_display": "100", "missing_lines": 0, "excluded_lines": 0}, "missing_lines": [], "excluded_lines": []}, "src/ghg_tool/domain/ports/__init__.py": {"executed_lines": [1, 8, 9, 11], "summary": {"covered_lines": 3, "num_statements": 3, "percent_covered": 100.0, "percent_covered_display": "100", "missing_lines": 0, "excluded_lines": 0}, "missing_lines": [], "excluded_lines": []}, "src/ghg_tool/domain/ports/factor_catalog.py": {"executed_lines": [1, 12, 14, 15, 16, 19, 20, 21, 47, 48, 49, 50, 51, 52, 53, 54, 55, 56, 57, 60, 61, 72, 95], "summary": {"covered_lines": 20, "num_statements": 20, "percent_covered": 100.0, "percent_covered_display": "100", "missing_lines": 0, "excluded_lines": 2}, "missing_lines": [], "excluded_lines": [93, 110]}, "src/ghg_tool/domain/ports/gwp_table.py": {"executed_lines": [1, 14, 16, 17, 19, 22, 23, 34, 35, 39, 54, 55, 61, 63, 70, 72, 73, 75, 77, 89, 91, 98, 99, 103], "summary": {"covered_lines": 21, "num_statements": 21, "percent_covered": 100.0, "percent_covered_display": "100", "missing_lines": 0, "excluded_lines": 2}, "missing_lines": [], "excluded_lines": [37, 51]}, "src/ghg_tool/domain/value_objects/__init__.py": {"executed_lines": [0], "summary": {"covered_lines": 0, "num_statements": 0, "percent_covered": 100.0, "percent_covered_display": "100", "missing_lines": 0, "excluded_lines": 0}, "missing_lines": [], "excluded_lines": []}, "src/ghg_tool/domain/value_objects/gwp_set.py": {"executed_lines": [1, 8, 10, 11, 12, 14, 17, 18, 19, 30, 31, 32, 33, 34, 35, 39, 48, 57, 60, 72, 73, 74], "summary": {"covered_lines": 20, "num_statements": 20, "percent_covered": 100.0, "percent_covered_display": "100", "missing_lines": 0, "excluded_lines": 0}, "missing_lines": [], "excluded_lines": []}, "src/ghg_tool/etl/__init__.py": {"executed_lines": [0], "summary": {"covered_lines": 0, "num_statements": 0, "percent_covered": 100.0, "percent_covered_display": "100", "missing_lines": 0, "excluded_lines": 0}, "missing_lines": [], "excluded_lines": []}, "src/ghg_tool/etl/cat3_reconciliation.py": {"executed_lines": [1, 17, 19, 21, 23, 26, 33, 54, 55, 56, 57, 59, 60, 61, 63, 64, 67, 68, 70, 71, 72, 74, 78, 79, 81, 100, 101, 119], "summary": {"covered_lines": 27, "num_statements": 27, "percent_covered": 100.0, "percent_covered_display": "100", "missing_lines": 0, "excluded_lines": 0}, "missing_lines": [], "excluded_lines": []}, "src/ghg_tool/etl/dq_gates/__init__.py": {"executed_lines": [0], "summary": {"covered_lines": 0, "num_statements": 0, "percent_covered": 100.0, "percent_covered_display": "100", "missing_lines": 0, "excluded_lines": 0}, "missing_lines": [], "excluded_lines": []}, "src/ghg_tool/etl/dq_gates/checks.py": {"executed_lines": [1, 10, 12, 14, 16, 18, 24, 26, 27, 33, 34, 37, 53, 54, 56, 57, 58, 59, 60, 61, 78, 81, 99, 100, 101, 109, 111, 112, 114, 115, 116, 117, 118, 133, 136, 146, 147, 148, 149, 150, 151, 167, 170, 189, 190, 191, 194, 195, 196, 198, 199, 200, 202, 203, 204, 206, 207, 208, 226, 229, 245, 246, 247, 250, 251, 252, 253, 254, 255, 256, 257, 258, 273, 276, 288, 289, 293, 294, 295, 296, 297, 299, 300, 301, 302, 321, 324, 336, 337, 339, 340, 341, 342, 357], "summary": {"covered_lines": 93, "num_statements": 98, "percent_covered": 94.89795918367346, "percent_covered_display": "95", "missing_lines": 5, "excluded_lines": 0}, "missing_lines": [113, 192, 201, 248, 338], "excluded_lines": []}, "src/ghg_tool/etl/transforms/__init__.py": {"executed_lines": [0], "summary": {"covered_lines": 0, "num_statements": 0, "percent_covered": 100.0, "percent_covered_display": "100", "missing_lines": 0, "excluded_lines": 0}, "missing_lines": [], "excluded_lines": []}, "src/ghg_tool/etl/transforms/synth_rows.py": {"executed_lines": [1, 12, 14, 16, 19, 22, 23, 24, 25, 28, 39, 57, 58, 63, 65, 67, 83, 84, 95, 98, 115, 116, 121, 122, 124, 140, 141, 152, 155, 178, 179, 182, 183, 184, 186, 191, 195, 196, 197, 198, 199, 200, 201, 202, 219], "summary": {"covered_lines": 44, "num_statements": 44, "percent_covered": 100.0, "percent_covered_display": "100", "missing_lines": 0, "excluded_lines": 0}, "missing_lines": [], "excluded_lines": []}, "src/ghg_tool/infrastructure/__init__.py": {"executed_lines": [0], "summary": {"covered_lines": 0, "num_statements": 0, "percent_covered": 100.0, "percent_covered_display": "100", "missing_lines": 0, "excluded_lines": 0}, "missing_lines": [], "excluded_lines": []}, "src/ghg_tool/infrastructure/security/__init__.py": {"executed_lines": [0], "summary": {"covered_lines": 0, "num_statements": 0, "percent_covered": 100.0, "percent_covered_display": "100", "missing_lines": 0, "excluded_lines": 0}, "missing_lines": [], "excluded_lines": []}, "src/ghg_tool/infrastructure/security/jwt.py": {"executed_lines": [1, 18, 20, 21, 22, 23, 25, 26, 31, 32, 33, 34, 35, 36, 38, 39, 42, 45, 64, 66, 72, 75, 77, 83, 86, 88, 89, 90, 91, 92, 93, 96, 113, 114, 125, 127, 129, 131, 134, 144, 145, 155, 157, 160, 177, 178, 179, 180, 182, 183, 184, 186, 187, 189, 190, 198, 199], "summary": {"covered_lines": 56, "num_statements": 73, "percent_covered": 76.71232876712328, "percent_covered_display": "77", "missing_lines": 17, "excluded_lines": 0}, "missing_lines": [57, 58, 59, 60, 61, 67, 68, 71, 78, 79, 82, 126, 128, 130, 156, 200, 201], "excluded_lines": []}, "src/ghg_tool/infrastructure/security/password.py": {"executed_lines": [1, 14, 16, 18, 21, 30, 31, 34, 44, 45], "summary": {"covered_lines": 9, "num_statements": 11, "percent_covered": 81.81818181818181, "percent_covered_display": "82", "missing_lines": 2, "excluded_lines": 0}, "missing_lines": [46, 47], "excluded_lines": []}, "src/ghg_tool/infrastructure/security/rbac.py": {"executed_lines": [1, 15, 17, 22, 23, 24, 26, 34, 71, 82, 83, 84], "summary": {"covered_lines": 11, "num_statements": 11, "percent_covered": 100.0, "percent_covered_display": "100", "missing_lines": 0, "excluded_lines": 0}, "missing_lines": [], "excluded_lines": []}, "src/ghg_tool/ui/__init__.py": {"executed_lines": [1], "summary": {"covered_lines": 0, "num_statements": 0, "percent_covered": 100.0, "percent_covered_display": "100", "missing_lines": 0, "excluded_lines": 0}, "missing_lines": [], "excluded_lines": []}, "src/ghg_tool/ui/excel/__init__.py": {"executed_lines": [1], "summary": {"covered_lines": 0, "num_statements": 0, "percent_covered": 100.0, "percent_covered_display": "100", "missing_lines": 0, "excluded_lines": 0}, "missing_lines": [], "excluded_lines": []}, "src/ghg_tool/ui/excel/builder.py": {"executed_lines": [1, 27, 29, 30, 32, 33, 35, 49, 52, 67, 68, 74, 90, 91, 93, 94, 96, 98, 99, 102, 103, 104, 105, 106, 107, 108, 109, 110, 111, 112, 115, 116, 120, 121, 122, 123, 125, 127], "summary": {"covered_lines": 36, "num_statements": 37, "percent_covered": 97.29729729729729, "percent_covered_display": "97", "missing_lines": 1, "excluded_lines": 0}, "missing_lines": [117], "excluded_lines": []}, "src/ghg_tool/ui/excel/sheets.py": {"executed_lines": [1, 13, 15, 17, 18, 19, 21, 24, 25, 26, 29, 36, 37, 38, 39, 40, 41, 44, 50, 51, 52, 53, 54, 55, 56, 62, 69, 70, 71, 72, 74, 76, 78, 79, 80, 81, 82, 83, 84, 85, 86, 87, 88, 89, 90, 91, 93, 94, 98, 99, 106, 109, 115, 122, 128, 135, 136, 139, 142, 144, 145, 151, 157, 164, 165, 168, 170, 172, 173, 180, 186, 193, 194, 197, 199, 201, 202, 207, 213, 220, 221, 224, 226, 228, 229, 235, 241, 248, 249, 252, 255, 257, 258, 266, 272, 279, 280, 283, 287, 288, 290, 292, 295, 296, 297, 300, 303, 304, 305, 306, 308, 309, 310, 311, 312, 313, 314, 315, 316, 317, 318, 319, 321, 322, 324, 330, 337, 338, 340, 342, 344, 345, 352, 358, 365, 366, 368, 371, 373, 374, 381, 387, 394, 395, 397, 402, 404, 405, 414, 420, 427, 428, 429, 431, 452, 453, 454, 455, 456, 457, 459, 460, 461, 462, 463, 464, 466, 467], "summary": {"covered_lines": 167, "num_statements": 168, "percent_covered": 99.4047619047619, "percent_covered_display": "99", "missing_lines": 1, "excluded_lines": 0}, "missing_lines": [95], "excluded_lines": []}, "src/ghg_tool/ui/pdf/__init__.py": {"executed_lines": [1], "summary": {"covered_lines": 0, "num_statements": 0, "percent_covered": 100.0, "percent_covered_display": "100", "missing_lines": 0, "excluded_lines": 0}, "missing_lines": [], "excluded_lines": []}, "src/ghg_tool/ui/pdf/builder.py": {"executed_lines": [1, 21, 23, 24, 25, 27, 29, 31, 32, 34, 35, 37, 45, 54, 63, 66, 67, 74, 76, 77, 78, 79, 86, 107, 109, 110, 111, 112, 113, 114, 115, 116, 117, 120, 121, 122, 125, 128, 131, 132, 133, 134, 137, 138, 139, 144, 169, 171, 172, 174, 175, 180, 191, 192, 193, 198, 207, 208, 209, 210, 211, 212, 213, 214, 215, 216, 217, 218, 219, 220, 221, 222, 223, 224, 225, 226, 229, 243, 252, 253, 254, 255, 256, 257, 260, 269, 270, 271, 272, 273, 275], "summary": {"covered_lines": 89, "num_statements": 94, "percent_covered": 94.68085106382979, "percent_covered_display": "95", "missing_lines": 5, "excluded_lines": 0}, "missing_lines": [83, 84, 177, 178, 195], "excluded_lines": []}, "src/ghg_tool/ui/pdf/data_loader.py": {"executed_lines": [], "summary": {"covered_lines": 0, "num_statements": 25, "percent_covered": 0.0, "percent_covered_display": "0", "missing_lines": 25, "excluded_lines": 0}, "missing_lines": [8, 10, 13, 35, 37, 38, 40, 41, 42, 48, 49, 50, 51, 53, 56, 58, 63, 64, 66, 69, 70, 73, 75, 76, 78], "excluded_lines": []}, "src/ghg_tool/ui/streamlit_app/Home.py": {"executed_lines": [], "summary": {"covered_lines": 0, "num_statements": 86, "percent_covered": 0.0, "percent_covered_display": "0", "missing_lines": 86, "excluded_lines": 0}, "missing_lines": [13, 15, 20, 21, 23, 31, 32, 33, 34, 35, 40, 41, 42, 43, 44, 46, 48, 49, 51, 52, 54, 55, 56, 57, 58, 63, 68, 69, 75, 78, 79, 84, 85, 87, 88, 91, 92, 93, 95, 96, 97, 98, 99, 101, 102, 103, 104, 105, 107, 108, 109, 111, 116, 118, 119, 125, 126, 131, 132, 137, 138, 143, 144, 152, 153, 154, 155, 157, 162, 163, 164, 165, 167, 168, 169, 170, 173, 174, 175, 177, 188, 191, 196, 198, 203, 204], "excluded_lines": []}, "src/ghg_tool/ui/streamlit_app/__init__.py": {"executed_lines": [1], "summary": {"covered_lines": 0, "num_statements": 0, "percent_covered": 100.0, "percent_covered_display": "100", "missing_lines": 0, "excluded_lines": 0}, "missing_lines": [], "excluded_lines": []}, "src/ghg_tool/ui/streamlit_app/lib/__init__.py": {"executed_lines": [1], "summary": {"covered_lines": 0, "num_statements": 0, "percent_covered": 100.0, "percent_covered_display": "100", "missing_lines": 0, "excluded_lines": 0}, "missing_lines": [], "excluded_lines": []}, "src/ghg_tool/ui/streamlit_app/lib/api_client.py": {"executed_lines": [], "summary": {"covered_lines": 0, "num_statements": 96, "percent_covered": 0.0, "percent_covered_display": "0", "missing_lines": 96, "excluded_lines": 0}, "missing_lines": [23, 25, 26, 28, 29, 30, 32, 33, 36, 37, 40, 41, 42, 45, 55, 56, 57, 58, 59, 60, 63, 73, 74, 75, 76, 77, 78, 79, 80, 88, 89, 99, 100, 101, 102, 105, 106, 127, 128, 129, 130, 131, 132, 133, 134, 135, 136, 137, 140, 141, 156, 157, 158, 159, 160, 161, 164, 165, 182, 183, 184, 185, 186, 187, 188, 189, 190, 193, 194, 211, 212, 213, 214, 215, 216, 217, 218, 219, 222, 233, 239, 258, 269, 280, 286, 296, 302, 311, 314, 323, 324, 325, 327, 329, 330, 331], "excluded_lines": []}, "src/ghg_tool/ui/streamlit_app/lib/auth.py": {"executed_lines": [], "summary": {"covered_lines": 0, "num_statements": 59, "percent_covered": 0.0, "percent_covered_display": "0", "missing_lines": 59, "excluded_lines": 0}, "missing_lines": [13, 15, 17, 20, 21, 22, 23, 24, 27, 28, 31, 37, 40, 46, 49, 55, 58, 60, 61, 64, 74, 76, 77, 78, 83, 84, 85, 86, 87, 88, 89, 90, 92, 93, 94, 95, 96, 97, 98, 100, 101, 102, 103, 104, 107, 113, 114, 116, 117, 118, 119, 121, 122, 123, 125, 126, 129, 137, 138], "excluded_lines": []}, "src/ghg_tool/ui/streamlit_app/lib/banner.py": {"executed_lines": [1, 11, 13, 15, 18, 21, 24, 38, 39, 40, 41, 42, 45], "summary": {"covered_lines": 12, "num_statements": 14, "percent_covered": 85.71428571428571, "percent_covered_display": "86", "missing_lines": 2, "excluded_lines": 0}, "missing_lines": [54, 55], "excluded_lines": []}, "src/ghg_tool/ui/streamlit_app/lib/i18n.py": {"executed_lines": [1, 11, 13, 14, 15, 17, 19, 20, 23, 26, 35, 36, 37, 40, 41, 42, 45, 59, 60, 61, 64, 70], "summary": {"covered_lines": 21, "num_statements": 22, "percent_covered": 95.45454545454545, "percent_covered_display": "95", "missing_lines": 1, "excluded_lines": 0}, "missing_lines": [39], "excluded_lines": []}, "src/ghg_tool/ui/streamlit_app/lib/palette.py": {"executed_lines": [1, 15, 17, 22, 23, 24, 25, 26, 27, 28, 29, 32, 48, 55, 62, 70, 73, 82, 85, 94, 97, 104], "summary": {"covered_lines": 21, "num_statements": 21, "percent_covered": 100.0, "percent_covered_display": "100", "missing_lines": 0, "excluded_lines": 0}, "missing_lines": [], "excluded_lines": []}, "src/ghg_tool/ui/streamlit_app/lib/tooltips.py": {"executed_lines": [1, 14, 16, 19, 46, 57, 58, 63, 66, 67, 71, 79], "summary": {"covered_lines": 11, "num_statements": 12, "percent_covered": 91.66666666666667, "percent_covered_display": "92", "missing_lines": 1, "excluded_lines": 0}, "missing_lines": [64], "excluded_lines": []}}, "totals": {"covered_lines": 2558, "num_statements": 3045, "percent_covered": 84.00656814449918, "percent_covered_display": "84", "missing_lines": 487, "excluded_lines": 5}}